<?xml version="1.0" encoding="UTF-8"?>
<!-- Generated by org.testng.reporters.JUnitReportReporter -->
<testsuite hostname="LAPTOP-L5VJCAPT" failures="0" tests="3" name="api.test.AddToCart" time="3.810" errors="0" timestamp="2024-06-03T00:15:30 IST" skipped="0">
  <testcase classname="api.test.AddToCart" name="AddtoCart" time="1.460"/>
  <system-out/>
  <testcase classname="api.test.AddToCart" name="noInputDetails" time="1.095"/>
  <system-out/>
  <testcase classname="api.test.AddToCart" name="missingDetails" time="1.255"/>
  <system-out/>
</testsuite> <!-- api.test.AddToCart -->
