<?xml version="1.0" encoding="UTF-8"?>
<!-- Generated by org.testng.reporters.JUnitReportReporter -->
<testsuite hostname="LAPTOP-L5VJCAPT" failures="0" tests="2" name="api.test.testing" time="3.661" errors="0" timestamp="2024-06-01T20:01:41 IST" skipped="0">
  <testcase classname="api.test.testing" name="missingValues" time="0.036"/>
  <system-out/>
  <testcase classname="api.test.testing" name="successfulRegistration" time="3.625"/>
  <system-out/>
</testsuite> <!-- api.test.testing -->
