<?xml version="1.0" encoding="UTF-8"?>
<!-- Generated by org.testng.reporters.JUnitReportReporter -->
<testsuite hostname="LAPTOP-L5VJCAPT" failures="0" tests="3" name="api.test.UserLogin" time="6.505" errors="0" timestamp="2024-06-03T00:15:30 IST" skipped="0">
  <testcase classname="api.test.UserLogin" name="missingDetails" time="3.411"/>
  <system-out/>
  <testcase classname="api.test.UserLogin" name="successfulLogin" time="1.666"/>
  <system-out/>
  <testcase classname="api.test.UserLogin" name="noInputData" time="1.428"/>
  <system-out/>
</testsuite> <!-- api.test.UserLogin -->
