<?xml version="1.0" encoding="UTF-8"?>
<!-- Generated by org.testng.reporters.JUnitReportReporter -->
<testsuite hostname="LAPTOP-L5VJCAPT" failures="0" tests="3" name="api.test.UserRegistration" time="3.757" errors="0" timestamp="2024-06-03T00:15:30 IST" skipped="0">
  <testcase classname="api.test.UserRegistration" name="missingDetails" time="1.224"/>
  <system-out/>
  <testcase classname="api.test.UserRegistration" name="withoutInputData" time="1.251"/>
  <system-out/>
  <testcase classname="api.test.UserRegistration" name="successfulRegistration" time="1.282"/>
  <system-out/>
</testsuite> <!-- api.test.UserRegistration -->
