<?xml version="1.0" encoding="UTF-8"?>
<!-- Generated by org.testng.reporters.JUnitReportReporter -->
<testsuite hostname="LAPTOP-L5VJCAPT" failures="0" tests="4" name="api.test.Checkout" time="4.759" errors="0" timestamp="2024-06-03T00:15:30 IST" skipped="0">
  <testcase classname="api.test.Checkout" name="noInputData" time="1.069"/>
  <system-out/>
  <testcase classname="api.test.Checkout" name="missingvalues" time="1.104"/>
  <system-out/>
  <testcase classname="api.test.Checkout" name="checkout" time="1.508"/>
  <system-out/>
  <testcase classname="api.test.Checkout" name="withoutCardDetails" time="1.078"/>
  <system-out/>
</testsuite> <!-- api.test.Checkout -->
