<?xml version="1.0" encoding="UTF-8"?>
<!-- Generated by org.testng.reporters.JUnitReportReporter -->
<testsuite hostname="LAPTOP-L5VJCAPT" failures="0" tests="2" name="api.test.SearchBooks" time="3.015" errors="0" timestamp="2024-06-03T00:15:30 IST" skipped="0">
  <testcase classname="api.test.SearchBooks" name="wrongSearchData" time="1.531"/>
  <system-out/>
  <testcase classname="api.test.SearchBooks" name="successfulSearchBooks" time="1.484"/>
  <system-out/>
</testsuite> <!-- api.test.SearchBooks -->
